This is pdfTeX, Version 3.141592653-2.6-1.40.23 (TeX Live 2021/Arch Linux) (preloaded format=pdflatex 2022.1.8)  8 MAR 2022 14:56
entering extended mode
 restricted \write18 enabled.
 file:line:error style messages enabled.
 %&-line parsing enabled.
**"/home/inox/Documents/IB/4to Nivel/Experimental II/Lock In/Informe/LockInMat.tex"
(/home/inox/Documents/IB/4to Nivel/Experimental II/Lock In/Informe/LockInMat.tex
LaTeX2e <2021-11-15> patch level 1
L3 programming layer <2021-11-22> (/usr/share/texmf-dist/tex/latex/extsizes/extarticle.cls
Document Class: extarticle 1996/10/08 v1.0 Non Standard LaTeX document class
(/usr/share/texmf-dist/tex/latex/base/size11.clo
File: size11.clo 2021/10/04 v1.4n Standard LaTeX file (size option)
) (/usr/share/texmf-dist/tex/latex/base/exscale.sty
Package: exscale 2018/09/24 v2.1i Standard LaTeX package exscale
LaTeX Font Info:    Redeclaring symbol font `largesymbols' on input line 57.
LaTeX Font Info:    Overwriting symbol font `largesymbols' in version `normal'
(Font)                  OMX/cmex/m/n --> OMX/cmex/m/n on input line 57.
LaTeX Font Info:    Overwriting symbol font `largesymbols' in version `bold'
(Font)                  OMX/cmex/m/n --> OMX/cmex/m/n on input line 57.
\big@size=\dimen138
)
\c@part=\count183
\c@section=\count184
\c@subsection=\count185
\c@subsubsection=\count186
\c@paragraph=\count187
\c@subparagraph=\count188
\c@figure=\count189
\c@table=\count190
\abovecaptionskip=\skip47
\belowcaptionskip=\skip48
\bibindent=\dimen139
) (/usr/share/texmf-dist/tex/latex/base/inputenc.sty
Package: inputenc 2021/02/14 v1.3d Input encoding file
\inpenc@prehook=\toks16
\inpenc@posthook=\toks17
) (/usr/share/texmf-dist/tex/generic/babel/babel.sty
Package: babel 2021/11/29 3.67 The Babel package
\babel@savecnt=\count191
\U@D=\dimen140
\l@unhyphenated=\language87
 (/usr/share/texmf-dist/tex/generic/babel/txtbabel.def)
\bbl@readstream=\read2
\bbl@dirlevel=\count192
 (/usr/share/texmf-dist/tex/generic/babel-spanish/spanish.ldf
Language: spanish.ldf 2021/05/27 v5.0q Spanish support from the babel system
\es@quottoks=\toks18
\es@quotdepth=\count193
Package babel Info: Making " an active character on input line 570.
Package babel Info: Making . an active character on input line 675.
Package babel Info: Making < an active character on input line 722.
Package babel Info: Making > an active character on input line 722.
)) (/usr/share/texmf-dist/tex/latex/amsmath/amsmath.sty
Package: amsmath 2021/10/15 v2.17l AMS math features
\@mathmargin=\skip49

For additional information on amsmath, use the `?' option.
(/usr/share/texmf-dist/tex/latex/amsmath/amstext.sty
Package: amstext 2021/08/26 v2.01 AMS text
 (/usr/share/texmf-dist/tex/latex/amsmath/amsgen.sty
File: amsgen.sty 1999/11/30 v2.0 generic functions
\@emptytoks=\toks19
\ex@=\dimen141
)) (/usr/share/texmf-dist/tex/latex/amsmath/amsbsy.sty
Package: amsbsy 1999/11/29 v1.2d Bold Symbols
\pmbraise@=\dimen142
) (/usr/share/texmf-dist/tex/latex/amsmath/amsopn.sty
Package: amsopn 2021/08/26 v2.02 operator names
)
\inf@bad=\count194
LaTeX Info: Redefining \frac on input line 234.
\uproot@=\count195
\leftroot@=\count196
LaTeX Info: Redefining \overline on input line 399.
\classnum@=\count197
\DOTSCASE@=\count198
LaTeX Info: Redefining \ldots on input line 496.
LaTeX Info: Redefining \dots on input line 499.
LaTeX Info: Redefining \cdots on input line 620.
\Mathstrutbox@=\box50
\strutbox@=\box51
\big@size=\dimen143
LaTeX Font Info:    Redeclaring font encoding OML on input line 743.
LaTeX Font Info:    Redeclaring font encoding OMS on input line 744.
\macc@depth=\count199
\c@MaxMatrixCols=\count266
\dotsspace@=\muskip16
\c@parentequation=\count267
\dspbrk@lvl=\count268
\tag@help=\toks20
\row@=\count269
\column@=\count270
\maxfields@=\count271
\andhelp@=\toks21
\eqnshift@=\dimen144
\alignsep@=\dimen145
\tagshift@=\dimen146
\tagwidth@=\dimen147
\totwidth@=\dimen148
\lineht@=\dimen149
\@envbody=\toks22
\multlinegap=\skip50
\multlinetaggap=\skip51
\mathdisplay@stack=\toks23
LaTeX Info: Redefining \[ on input line 2938.
LaTeX Info: Redefining \] on input line 2939.
) (/usr/share/texmf-dist/tex/latex/amsfonts/amsfonts.sty
Package: amsfonts 2013/01/14 v3.01 Basic AMSFonts support
\symAMSa=\mathgroup4
\symAMSb=\mathgroup5
LaTeX Font Info:    Redeclaring math symbol \hbar on input line 98.
LaTeX Font Info:    Overwriting math alphabet `\mathfrak' in version `bold'
(Font)                  U/euf/m/n --> U/euf/b/n on input line 106.
) (/usr/share/texmf-dist/tex/latex/amsfonts/amssymb.sty
Package: amssymb 2013/01/14 v3.01 AMS font symbols
) (/usr/share/texmf-dist/tex/latex/graphics/graphicx.sty
Package: graphicx 2021/09/16 v1.2d Enhanced LaTeX Graphics (DPC,SPQR)
 (/usr/share/texmf-dist/tex/latex/graphics/keyval.sty
Package: keyval 2014/10/28 v1.15 key=value parser (DPC)
\KV@toks@=\toks24
) (/usr/share/texmf-dist/tex/latex/graphics/graphics.sty
Package: graphics 2021/03/04 v1.4d Standard LaTeX Graphics (DPC,SPQR)
 (/usr/share/texmf-dist/tex/latex/graphics/trig.sty
Package: trig 2021/08/11 v1.11 sin cos tan (DPC)
) (/usr/share/texmf-dist/tex/latex/graphics-cfg/graphics.cfg
File: graphics.cfg 2016/06/04 v1.11 sample graphics configuration
)
Package graphics Info: Driver file: pdftex.def on input line 107.
 (/usr/share/texmf-dist/tex/latex/graphics-def/pdftex.def
File: pdftex.def 2020/10/05 v1.2a Graphics/color driver for pdftex
))
\Gin@req@height=\dimen150
\Gin@req@width=\dimen151
) (/usr/share/texmf-dist/tex/latex/geometry/geometry.sty
Package: geometry 2020/01/02 v5.9 Page Geometry
 (/usr/share/texmf-dist/tex/generic/iftex/ifvtex.sty
Package: ifvtex 2019/10/25 v1.7 ifvtex legacy package. Use iftex instead.
 (/usr/share/texmf-dist/tex/generic/iftex/iftex.sty
Package: iftex 2020/03/06 v1.0d TeX engine tests
))
\Gm@cnth=\count272
\Gm@cntv=\count273
\c@Gm@tempcnt=\count274
\Gm@bindingoffset=\dimen152
\Gm@wd@mp=\dimen153
\Gm@odd@mp=\dimen154
\Gm@even@mp=\dimen155
\Gm@layoutwidth=\dimen156
\Gm@layoutheight=\dimen157
\Gm@layouthoffset=\dimen158
\Gm@layoutvoffset=\dimen159
\Gm@dimlist=\toks25
) (/usr/share/texmf-dist/tex/latex/fancyhdr/fancyhdr.sty
Package: fancyhdr 2021/01/28 v4.0.1 Extensive control of page headers and footers
\f@nch@headwidth=\skip52
\f@nch@O@elh=\skip53
\f@nch@O@erh=\skip54
\f@nch@O@olh=\skip55
\f@nch@O@orh=\skip56
\f@nch@O@elf=\skip57
\f@nch@O@erf=\skip58
\f@nch@O@olf=\skip59
\f@nch@O@orf=\skip60
) (/usr/share/texmf-dist/tex/latex/tools/afterpage.sty
Package: afterpage 2014/10/28 v1.08 After-Page Package (DPC)
\AP@output=\toks26
\AP@partial=\box52
\AP@footins=\box53
) (/usr/share/texmf-dist/tex/latex/titlesec/titlesec.sty
Package: titlesec 2021/07/05 v2.14 Sectioning titles
\ttl@box=\box54
\beforetitleunit=\skip61
\aftertitleunit=\skip62
\ttl@plus=\dimen160
\ttl@minus=\dimen161
\ttl@toksa=\toks27
\titlewidth=\dimen162
\titlewidthlast=\dimen163
\titlewidthfirst=\dimen164
) (/usr/share/texmf-dist/tex/latex/float/float.sty
Package: float 2001/11/08 v1.3d Float enhancements (AL)
\c@float@type=\count275
\float@exts=\toks28
\float@box=\box55
\@float@everytoks=\toks29
\@floatcapt=\box56
) (/usr/share/texmf-dist/tex/latex/was/gensymb.sty
Package: gensymb 2003/07/02 v1.0 (WaS)
) (/usr/share/texmf-dist/tex/latex/l3packages/xfrac/xfrac.sty (/usr/share/texmf-dist/tex/latex/l3kernel/expl3.sty
Package: expl3 2021-11-22 L3 programming layer (loader) 
 (/usr/share/texmf-dist/tex/latex/l3backend/l3backend-pdftex.def
File: l3backend-pdftex.def 2021-12-14 L3 backend support: PDF output (pdfTeX)
\l__color_backend_stack_int=\count276
\l__pdf_internal_box=\box57
)) (/usr/share/texmf-dist/tex/latex/l3packages/l3keys2e/l3keys2e.sty
Package: l3keys2e 2021-11-12 LaTeX2e option processing using LaTeX3 keys
) (/usr/share/texmf-dist/tex/latex/base/textcomp.sty
Package: textcomp 2020/02/02 v2.0n Standard LaTeX package
) (/usr/share/texmf-dist/tex/latex/l3packages/xparse/xparse.sty
Package: xparse 2021-11-12 L3 Experimental document command parser
) (/usr/share/texmf-dist/tex/latex/l3packages/xtemplate/xtemplate.sty
Package: xtemplate 2021-11-12 L3 Experimental prototype document functions
\l__xtemplate_tmp_dim=\dimen165
\l__xtemplate_tmp_int=\count277
\l__xtemplate_tmp_muskip=\muskip17
\l__xtemplate_tmp_skip=\skip63
)
Package: xfrac 2021-11-12 L3 Experimental split-level fractions
\l__xfrac_slash_box=\box58
\l__xfrac_tmp_box=\box59
\l__xfrac_denominator_bot_sep_dim=\dimen166
\l__xfrac_numerator_bot_sep_dim=\dimen167
\l__xfrac_numerator_top_sep_dim=\dimen168
\l__xfrac_slash_left_sep_dim=\dimen169
\l__xfrac_slash_right_sep_dim=\dimen170
\l__xfrac_slash_left_muskip=\muskip18
\l__xfrac_slash_right_muskip=\muskip19

Package xtemplate Info: Declaring object type 'xfrac' taking 3 argument(s) on
(xtemplate)             line 80.

) (/usr/share/texmf-dist/tex/latex/tools/tabularx.sty
Package: tabularx 2020/01/15 v2.11c `tabularx' package (DPC)
 (/usr/share/texmf-dist/tex/latex/tools/array.sty
Package: array 2021/10/04 v2.5f Tabular extension package (FMi)
\col@sep=\dimen171
\ar@mcellbox=\box60
\extrarowheight=\dimen172
\NC@list=\toks30
\extratabsurround=\skip64
\backup@length=\skip65
\ar@cellbox=\box61
)
\TX@col@width=\dimen173
\TX@old@table=\dimen174
\TX@old@col=\dimen175
\TX@target=\dimen176
\TX@delta=\dimen177
\TX@cols=\count278
\TX@ftn=\toks31
) (/usr/share/texmf-dist/tex/latex/tools/multicol.sty
Package: multicol 2021/10/28 v1.9b multicolumn formatting (FMi)
\c@tracingmulticols=\count279
\mult@box=\box62
\multicol@leftmargin=\dimen178
\c@unbalance=\count280
\c@collectmore=\count281
\doublecol@number=\count282
\multicoltolerance=\count283
\multicolpretolerance=\count284
\full@width=\dimen179
\page@free=\dimen180
\premulticols=\dimen181
\postmulticols=\dimen182
\multicolsep=\skip66
\multicolbaselineskip=\skip67
\partial@page=\box63
\last@line=\box64
\maxbalancingoverflow=\dimen183
\mult@rightbox=\box65
\mult@grightbox=\box66
\mult@firstbox=\box67
\mult@gfirstbox=\box68
\@tempa=\box69
\@tempa=\box70
\@tempa=\box71
\@tempa=\box72
\@tempa=\box73
\@tempa=\box74
\@tempa=\box75
\@tempa=\box76
\@tempa=\box77
\@tempa=\box78
\@tempa=\box79
\@tempa=\box80
\@tempa=\box81
\@tempa=\box82
\@tempa=\box83
\@tempa=\box84
\@tempa=\box85
\@tempa=\box86
\@tempa=\box87
\@tempa=\box88
\@tempa=\box89
\@tempa=\box90
\@tempa=\box91
\@tempa=\box92
\@tempa=\box93
\@tempa=\box94
\@tempa=\box95
\@tempa=\box96
\@tempa=\box97
\@tempa=\box98
\@tempa=\box99
\@tempa=\box100
\@tempa=\box101
\@tempa=\box102
\@tempa=\box103
\@tempa=\box104
\c@minrows=\count285
\c@columnbadness=\count286
\c@finalcolumnbadness=\count287
\last@try=\dimen184
\multicolovershoot=\dimen185
\multicolundershoot=\dimen186
\mult@nat@firstbox=\box105
\colbreak@box=\box106
\mc@col@check@num=\count288
) (/usr/share/texmf-dist/tex/latex/caption/caption.sty
Package: caption 2020/10/26 v3.5g Customizing captions (AR)
 (/usr/share/texmf-dist/tex/latex/caption/caption3.sty
Package: caption3 2020/10/21 v2.2e caption3 kernel (AR)
\captionmargin=\dimen187
\captionmargin@=\dimen188
\captionwidth=\dimen189
\caption@tempdima=\dimen190
\caption@indent=\dimen191
\caption@parindent=\dimen192
\caption@hangindent=\dimen193
Package caption Info: Standard document class detected.
)
\c@caption@flags=\count289
\c@continuedfloat=\count290
Package caption Info: float package is loaded.
) (/usr/share/texmf-dist/tex/latex/koma-script/scrextend.sty
Package: scrextend 2021/11/13 v3.35 KOMA-Script package (extend other classes with features of KOMA-Script classes)
 (/usr/share/texmf-dist/tex/latex/koma-script/scrkbase.sty
Package: scrkbase 2021/11/13 v3.35 KOMA-Script package (KOMA-Script-dependent basics and keyval usage)
 (/usr/share/texmf-dist/tex/latex/koma-script/scrbase.sty
Package: scrbase 2021/11/13 v3.35 KOMA-Script package (KOMA-Script-independent basics and keyval usage)
 (/usr/share/texmf-dist/tex/latex/koma-script/scrlfile.sty
Package: scrlfile 2021/11/13 v3.35 KOMA-Script package (file load hooks)
 (/usr/share/texmf-dist/tex/latex/koma-script/scrlfile-hook.sty
Package: scrlfile-hook 2021/11/13 v3.35 KOMA-Script package (using LaTeX hooks)
 (/usr/share/texmf-dist/tex/latex/koma-script/scrlogo.sty
Package: scrlogo 2021/11/13 v3.35 KOMA-Script package (logo)
)))
Applying: [2021/05/01] Usage of raw or classic option list on input line 252.
Already applied: [0000/00/00] Usage of raw or classic option list on input line 368.
))) (/usr/share/texmf-dist/tex/latex/appendix/appendix.sty
Package: appendix 2020/02/08 v1.2c extra appendix facilities
\c@@pps=\count291
\c@@ppsavesec=\count292
\c@@ppsaveapp=\count293
) (./LockInMat.aux
LaTeX Info: Redefining \. on input line 10.
LaTeX Info: Redefining \% on input line 10.
)
\openout1 = `LockInMat.aux'.

LaTeX Font Info:    Checking defaults for OML/cmm/m/it on input line 36.
LaTeX Font Info:    ... okay on input line 36.
LaTeX Font Info:    Checking defaults for OMS/cmsy/m/n on input line 36.
LaTeX Font Info:    ... okay on input line 36.
LaTeX Font Info:    Checking defaults for OT1/cmr/m/n on input line 36.
LaTeX Font Info:    ... okay on input line 36.
LaTeX Font Info:    Checking defaults for T1/cmr/m/n on input line 36.
LaTeX Font Info:    ... okay on input line 36.
LaTeX Font Info:    Checking defaults for TS1/cmr/m/n on input line 36.
LaTeX Font Info:    ... okay on input line 36.
LaTeX Font Info:    Checking defaults for OMX/cmex/m/n on input line 36.
LaTeX Font Info:    ... okay on input line 36.
LaTeX Font Info:    Checking defaults for U/cmr/m/n on input line 36.
LaTeX Font Info:    ... okay on input line 36.
LaTeX Info: Redefining \. on input line 36.
LaTeX Info: Redefining \% on input line 36.
 (/usr/share/texmf-dist/tex/context/base/mkii/supp-pdf.mkii
[Loading MPS to PDF converter (version 2006.09.02).]
\scratchcounter=\count294
\scratchdimen=\dimen194
\scratchbox=\box107
\nofMPsegments=\count295
\nofMParguments=\count296
\everyMPshowfont=\toks32
\MPscratchCnt=\count297
\MPscratchDim=\dimen195
\MPnumerator=\count298
\makeMPintoPDFobject=\count299
\everyMPtoPDFconversion=\toks33
) (/usr/share/texmf-dist/tex/latex/epstopdf-pkg/epstopdf-base.sty
Package: epstopdf-base 2020-01-24 v2.11 Base part for package epstopdf
 (/usr/share/texmf-dist/tex/generic/infwarerr/infwarerr.sty
Package: infwarerr 2019/12/03 v1.5 Providing info/warning/error messages (HO)
) (/usr/share/texmf-dist/tex/latex/grfext/grfext.sty
Package: grfext 2019/12/03 v1.3 Manage graphics extensions (HO)
 (/usr/share/texmf-dist/tex/generic/kvdefinekeys/kvdefinekeys.sty
Package: kvdefinekeys 2019-12-19 v1.6 Define keys (HO)
)) (/usr/share/texmf-dist/tex/latex/kvoptions/kvoptions.sty
Package: kvoptions 2020-10-07 v3.14 Key value format for package options (HO)
 (/usr/share/texmf-dist/tex/generic/ltxcmds/ltxcmds.sty
Package: ltxcmds 2020-05-10 v1.25 LaTeX kernel commands for general use (HO)
) (/usr/share/texmf-dist/tex/generic/kvsetkeys/kvsetkeys.sty
Package: kvsetkeys 2019/12/15 v1.18 Key value parser (HO)
)) (/usr/share/texmf-dist/tex/generic/pdftexcmds/pdftexcmds.sty
Package: pdftexcmds 2020-06-27 v0.33 Utility functions of pdfTeX for LuaTeX (HO)
Package pdftexcmds Info: \pdf@primitive is available.
Package pdftexcmds Info: \pdf@ifprimitive is available.
Package pdftexcmds Info: \pdfdraftmode found.
)
Package epstopdf-base Info: Redefining graphics rule for `.eps' on input line 485.
Package grfext Info: Graphics extension search list:
(grfext)             [.pdf,.png,.jpg,.mps,.jpeg,.jbig2,.jb2,.PDF,.PNG,.JPG,.JPEG,.JBIG2,.JB2,.eps]
(grfext)             \AppendGraphicsExtensions on input line 504.
 (/usr/share/texmf-dist/tex/latex/latexconfig/epstopdf-sys.cfg
File: epstopdf-sys.cfg 2010/07/13 v1.3 Configuration of (r)epstopdf for TeX Live
))
*geometry* driver: auto-detecting
*geometry* detected driver: pdftex
*geometry* verbose mode - [ preamble ] result:
* driver: pdftex
* paper: a4paper
* layout: <same size as paper>
* layoutoffset:(h,v)=(0.0pt,0.0pt)
* modes: 
* h-part:(L,W,R)=(34.14322pt, 529.22144pt, 34.14322pt)
* v-part:(T,H,B)=(56.9055pt, 731.23584pt, 56.9055pt)
* \paperwidth=597.50787pt
* \paperheight=845.04684pt
* \textwidth=529.22144pt
* \textheight=731.23584pt
* \oddsidemargin=-38.12677pt
* \evensidemargin=-38.12677pt
* \topmargin=-52.36449pt
* \headheight=12.0pt
* \headsep=25.0pt
* \topskip=11.0pt
* \footskip=30.0pt
* \marginparwidth=50.0pt
* \marginparsep=10.0pt
* \columnsep=10.0pt
* \skip\footins=10.0pt plus 4.0pt minus 2.0pt
* \hoffset=0.0pt
* \voffset=0.0pt
* \mag=1000
* \@twocolumnfalse
* \@twosidefalse
* \@mparswitchfalse
* \@reversemarginfalse
* (1in=72.27pt=25.4mm, 1cm=28.453pt)

\symgns@font=\mathgroup6
LaTeX Font Info:    Overwriting symbol font `gns@font' in version `bold'
(Font)                  TS1/cmr/m/n --> TS1/cmr/b/n on input line 36.
Package gensymb Info: Math companion symbols declared on input line 36.
LaTeX Info: Redefining \degree on input line 36.
LaTeX Info: Redefining \celsius on input line 36.
Package gensymb Info: Using text companion symbols for \degree, \celsius and \perthousand on input line 36.
LaTeX Info: Redefining \ohm on input line 36.
Package gensymb Info: Using \textohm for \ohm on input line 36.
Package gensymb Info: Using \textmu for \micro on input line 36.
Package caption Info: Begin \AtBeginDocument code.
Package caption Info: End \AtBeginDocument code.

Underfull \hbox (badness 10000) in paragraph at lines 38--46

 []

LaTeX Font Info:    Trying to load font information for U+msa on input line 70.
(/usr/share/texmf-dist/tex/latex/amsfonts/umsa.fd
File: umsa.fd 2013/01/14 v3.01 AMS symbols A
)
LaTeX Font Info:    Trying to load font information for U+msb on input line 70.
 (/usr/share/texmf-dist/tex/latex/amsfonts/umsb.fd
File: umsb.fd 2013/01/14 v3.01 AMS symbols B
)
Underfull \hbox (badness 10000) in paragraph at lines 80--81

 []


Underfull \hbox (badness 10000) in paragraph at lines 82--83

 []


Underfull \hbox (badness 10000) in paragraph at lines 84--85

 []

Package epstopdf Info: Source file: <Images/lockin_gral.eps>
(epstopdf)                    date: 2022-03-01 21:42:49
(epstopdf)                    size: 20991 bytes
(epstopdf)             Output file: <Images/lockin_gral-eps-converted-to.pdf>
(epstopdf)                    date: 2022-03-01 21:42:49
(epstopdf)                    size: 19110 bytes
(epstopdf)             Command: <repstopdf --outfile=Images/lockin_gral-eps-converted-to.pdf Images/lockin_gral.eps>
(epstopdf)             \includegraphics on input line 88.
Package epstopdf Info: Output file is already uptodate.
<Images/lockin_gral-eps-converted-to.pdf, id=1, 273.02pt x 98.3675pt>
File: Images/lockin_gral-eps-converted-to.pdf Graphic file (type pdf)
<use Images/lockin_gral-eps-converted-to.pdf>
Package pdftex.def Info: Images/lockin_gral-eps-converted-to.pdf  used on input line 88.
(pdftex.def)             Requested size: 259.61072pt x 93.54163pt.

Underfull \hbox (badness 10000) in paragraph at lines 97--98

 []


Underfull \hbox (badness 10000) in paragraph at lines 106--107

 []

Package epstopdf Info: Source file: <Images/sigs_fourier.eps>
(epstopdf)                    date: 2022-03-01 21:42:49
(epstopdf)                    size: 30362 bytes
(epstopdf)             Output file: <Images/sigs_fourier-eps-converted-to.pdf>
(epstopdf)                    date: 2022-03-01 21:42:49
(epstopdf)                    size: 11731 bytes
(epstopdf)             Command: <repstopdf --outfile=Images/sigs_fourier-eps-converted-to.pdf Images/sigs_fourier.eps>
(epstopdf)             \includegraphics on input line 112.
Package epstopdf Info: Output file is already uptodate.
<Images/sigs_fourier-eps-converted-to.pdf, id=2, 693.59125pt x 329.23pt>
File: Images/sigs_fourier-eps-converted-to.pdf Graphic file (type pdf)
<use Images/sigs_fourier-eps-converted-to.pdf>
Package pdftex.def Info: Images/sigs_fourier-eps-converted-to.pdf  used on input line 112.
(pdftex.def)             Requested size: 259.61072pt x 123.23488pt.
Package epstopdf Info: Source file: <Images/transferencia.eps>
(epstopdf)                    date: 2022-03-02 04:41:36
(epstopdf)                    size: 30451 bytes
(epstopdf)             Output file: <Images/transferencia-eps-converted-to.pdf>
(epstopdf)                    date: 2022-03-02 04:41:37
(epstopdf)                    size: 13557 bytes
(epstopdf)             Command: <repstopdf --outfile=Images/transferencia-eps-converted-to.pdf Images/transferencia.eps>
(epstopdf)             \includegraphics on input line 125.
Package epstopdf Info: Output file is already uptodate.
<Images/transferencia-eps-converted-to.pdf, id=3, 162.6075pt x 68.255pt>
File: Images/transferencia-eps-converted-to.pdf Graphic file (type pdf)
<use Images/transferencia-eps-converted-to.pdf>
Package pdftex.def Info: Images/transferencia-eps-converted-to.pdf  used on input line 125.
(pdftex.def)             Requested size: 181.7267pt x 76.2857pt.

Package fancyhdr Warning: \headheight is too small (12.0pt): 
(fancyhdr)                Make it at least 13.59999pt, for example:
(fancyhdr)                \setlength{\headheight}{13.59999pt}.
(fancyhdr)                You might also make \topmargin smaller to compensate:
(fancyhdr)                \addtolength{\topmargin}{-1.59999pt}.

[1{/var/lib/texmf/fonts/map/pdftex/updmap/pdftex.map}

 <./Images/lockin_gral-eps-converted-to.pdf> <./Images/sigs_fourier-eps-converted-to.pdf>]
Underfull \hbox (badness 10000) in paragraph at lines 132--133

 []


Underfull \hbox (badness 10000) in paragraph at lines 134--135

 []


Underfull \hbox (badness 10000) in paragraph at lines 156--157

 []

Package epstopdf Info: Source file: <Images/nuestro_lockin.eps>
(epstopdf)                    date: 2022-03-02 05:59:48
(epstopdf)                    size: 26939 bytes
(epstopdf)             Output file: <Images/nuestro_lockin-eps-converted-to.pdf>
(epstopdf)                    date: 2022-03-02 05:59:50
(epstopdf)                    size: 24725 bytes
(epstopdf)             Command: <repstopdf --outfile=Images/nuestro_lockin-eps-converted-to.pdf Images/nuestro_lockin.eps>
(epstopdf)             \includegraphics on input line 163.
Package epstopdf Info: Output file is already uptodate.
<Images/nuestro_lockin-eps-converted-to.pdf, id=40, 329.23pt x 98.3675pt>
File: Images/nuestro_lockin-eps-converted-to.pdf Graphic file (type pdf)
<use Images/nuestro_lockin-eps-converted-to.pdf>
Package pdftex.def Info: Images/nuestro_lockin-eps-converted-to.pdf  used on input line 163.
(pdftex.def)             Requested size: 259.61072pt x 77.56836pt.
Package epstopdf Info: Source file: <Images/circuito.eps>
(epstopdf)                    date: 2022-03-01 21:55:04
(epstopdf)                    size: 23312 bytes
(epstopdf)             Output file: <Images/circuito-eps-converted-to.pdf>
(epstopdf)                    date: 2022-03-01 21:55:05
(epstopdf)                    size: 21022 bytes
(epstopdf)             Command: <repstopdf --outfile=Images/circuito-eps-converted-to.pdf Images/circuito.eps>
(epstopdf)             \includegraphics on input line 175.
Package epstopdf Info: Output file is already uptodate.
<Images/circuito-eps-converted-to.pdf, id=41, 269.005pt x 87.32625pt>
File: Images/circuito-eps-converted-to.pdf Graphic file (type pdf)
<use Images/circuito-eps-converted-to.pdf>
Package pdftex.def Info: Images/circuito-eps-converted-to.pdf  used on input line 175.
(pdftex.def)             Requested size: 259.61072pt x 84.2773pt.

Underfull \hbox (badness 10000) in paragraph at lines 180--185

 []


Underfull \hbox (badness 10000) in paragraph at lines 186--188

 []


Underfull \hbox (badness 10000) in paragraph at lines 189--191

 []


Underfull \hbox (badness 10000) in paragraph at lines 192--193

 []


Underfull \hbox (badness 10000) in paragraph at lines 195--196

 []


Underfull \hbox (badness 10000) in paragraph at lines 197--198

 []


Underfull \hbox (badness 10000) in paragraph at lines 200--202

 []


Package fancyhdr Warning: \headheight is too small (12.0pt): 
(fancyhdr)                Make it at least 13.59999pt, for example:
(fancyhdr)                \setlength{\headheight}{13.59999pt}.
(fancyhdr)                You might also make \topmargin smaller to compensate:
(fancyhdr)                \addtolength{\topmargin}{-1.59999pt}.

[2 <./Images/transferencia-eps-converted-to.pdf> <./Images/nuestro_lockin-eps-converted-to.pdf> <./Images/circuito-eps-converted-to.pdf>]
Underfull \hbox (badness 10000) in paragraph at lines 203--204

 []


Underfull \hbox (badness 10000) in paragraph at lines 205--206

 []


Underfull \hbox (badness 10000) in paragraph at lines 211--213

 []


Underfull \hbox (badness 10000) in paragraph at lines 214--216

 []


Underfull \hbox (badness 10000) in paragraph at lines 217--219

 []

Package epstopdf Info: Source file: <Images/in_out.eps>
(epstopdf)                    date: 2022-03-08 10:25:45
(epstopdf)                    size: 106985 bytes
(epstopdf)             Output file: <Images/in_out-eps-converted-to.pdf>
(epstopdf)                    date: 2022-03-08 10:25:46
(epstopdf)                    size: 34519 bytes
(epstopdf)             Command: <repstopdf --outfile=Images/in_out-eps-converted-to.pdf Images/in_out.eps>
(epstopdf)             \includegraphics on input line 222.
Package epstopdf Info: Output file is already uptodate.
<Images/in_out-eps-converted-to.pdf, id=71, 463.7325pt x 347.2975pt>
File: Images/in_out-eps-converted-to.pdf Graphic file (type pdf)
<use Images/in_out-eps-converted-to.pdf>
Package pdftex.def Info: Images/in_out-eps-converted-to.pdf  used on input line 222.
(pdftex.def)             Requested size: 259.61072pt x 194.43227pt.
Package epstopdf Info: Source file: <Images/resistencia4000.eps>
(epstopdf)                    date: 2022-03-08 02:43:39
(epstopdf)                    size: 20356 bytes
(epstopdf)             Output file: <Images/resistencia4000-eps-converted-to.pdf>
(epstopdf)                    date: 2022-03-08 02:43:40
(epstopdf)                    size: 14040 bytes
(epstopdf)             Command: <repstopdf --outfile=Images/resistencia4000-eps-converted-to.pdf Images/resistencia4000.eps>
(epstopdf)             \includegraphics on input line 237.
Package epstopdf Info: Output file is already uptodate.
<Images/resistencia4000-eps-converted-to.pdf, id=72, 463.7325pt x 347.2975pt>
File: Images/resistencia4000-eps-converted-to.pdf Graphic file (type pdf)
<use Images/resistencia4000-eps-converted-to.pdf>
Package pdftex.def Info: Images/resistencia4000-eps-converted-to.pdf  used on input line 237.
(pdftex.def)             Requested size: 259.61072pt x 194.43227pt.

Underfull \hbox (badness 10000) in paragraph at lines 245--257

 []


Underfull \hbox (badness 10000) in paragraph at lines 258--263

 []

<Images/RORDEN.png, id=73, 462.528pt x 346.896pt>
File: Images/RORDEN.png Graphic file (type png)
<use Images/RORDEN.png>
Package pdftex.def Info: Images/RORDEN.png  used on input line 266.
(pdftex.def)             Requested size: 259.61072pt x 194.71564pt.

Package fancyhdr Warning: \headheight is too small (12.0pt): 
(fancyhdr)                Make it at least 13.59999pt, for example:
(fancyhdr)                \setlength{\headheight}{13.59999pt}.
(fancyhdr)                You might also make \topmargin smaller to compensate:
(fancyhdr)                \addtolength{\topmargin}{-1.59999pt}.

[3 <./Images/in_out-eps-converted-to.pdf> <./Images/resistencia4000-eps-converted-to.pdf>]
Underfull \hbox (badness 10000) in paragraph at lines 274--279

 []

Package epstopdf Info: Source file: <Images/capacitor4000.eps>
(epstopdf)                    date: 2022-03-08 02:14:23
(epstopdf)                    size: 24814 bytes
(epstopdf)             Output file: <Images/capacitor4000-eps-converted-to.pdf>
(epstopdf)                    date: 2022-03-08 02:15:43
(epstopdf)                    size: 16029 bytes
(epstopdf)             Command: <repstopdf --outfile=Images/capacitor4000-eps-converted-to.pdf Images/capacitor4000.eps>
(epstopdf)             \includegraphics on input line 282.
Package epstopdf Info: Output file is already uptodate.
<Images/capacitor4000-eps-converted-to.pdf, id=147, 463.7325pt x 347.2975pt>
File: Images/capacitor4000-eps-converted-to.pdf Graphic file (type pdf)
<use Images/capacitor4000-eps-converted-to.pdf>
Package pdftex.def Info: Images/capacitor4000-eps-converted-to.pdf  used on input line 282.
(pdftex.def)             Requested size: 259.61072pt x 194.43227pt.

Underfull \hbox (badness 10000) in paragraph at lines 292--298

 []


Underfull \hbox (badness 10000) in paragraph at lines 307--312

 []

(./LockInMat.bbl)

Package fancyhdr Warning: \headheight is too small (12.0pt): 
(fancyhdr)                Make it at least 13.59999pt, for example:
(fancyhdr)                \setlength{\headheight}{13.59999pt}.
(fancyhdr)                You might also make \topmargin smaller to compensate:
(fancyhdr)                \addtolength{\topmargin}{-1.59999pt}.

[4 <./Images/RORDEN.png> <./Images/capacitor4000-eps-converted-to.pdf>]
Underfull \hbox (badness 10000) in paragraph at lines 336--337

 []


Underfull \hbox (badness 10000) in paragraph at lines 338--339

 []

Package epstopdf Info: Source file: <Images/circ_snr.eps>
(epstopdf)                    date: 2022-03-07 12:20:38
(epstopdf)                    size: 12753 bytes
(epstopdf)             Output file: <Images/circ_snr-eps-converted-to.pdf>
(epstopdf)                    date: 2022-03-07 12:20:38
(epstopdf)                    size: 7159 bytes
(epstopdf)             Command: <repstopdf --outfile=Images/circ_snr-eps-converted-to.pdf Images/circ_snr.eps>
(epstopdf)             \includegraphics on input line 344.
Package epstopdf Info: Output file is already uptodate.
<Images/circ_snr-eps-converted-to.pdf, id=192, 154.5775pt x 61.22874pt>
File: Images/circ_snr-eps-converted-to.pdf Graphic file (type pdf)
<use Images/circ_snr-eps-converted-to.pdf>
Package pdftex.def Info: Images/circ_snr-eps-converted-to.pdf  used on input line 344.
(pdftex.def)             Requested size: 194.70804pt x 77.13177pt.
Package epstopdf Info: Source file: <Images/snr_filtros.eps>
(epstopdf)                    date: 2022-03-07 12:20:38
(epstopdf)                    size: 223171 bytes
(epstopdf)             Output file: <Images/snr_filtros-eps-converted-to.pdf>
(epstopdf)                    date: 2022-03-07 12:20:38
(epstopdf)                    size: 187975 bytes
(epstopdf)             Command: <repstopdf --outfile=Images/snr_filtros-eps-converted-to.pdf Images/snr_filtros.eps>
(epstopdf)             \includegraphics on input line 353.
Package epstopdf Info: Output file is already uptodate.
<Images/snr_filtros-eps-converted-to.pdf, id=193, 462.72874pt x 347.2975pt>
File: Images/snr_filtros-eps-converted-to.pdf Graphic file (type pdf)
<use Images/snr_filtros-eps-converted-to.pdf>
Package pdftex.def Info: Images/snr_filtros-eps-converted-to.pdf  used on input line 353.
(pdftex.def)             Requested size: 259.61072pt x 194.85092pt.
Package epstopdf Info: Source file: <Images/snr_tiempo.eps>
(epstopdf)                    date: 2022-03-07 12:20:38
(epstopdf)                    size: 26069 bytes
(epstopdf)             Output file: <Images/snr_tiempo-eps-converted-to.pdf>
(epstopdf)                    date: 2022-03-07 12:20:38
(epstopdf)                    size: 10610 bytes
(epstopdf)             Command: <repstopdf --outfile=Images/snr_tiempo-eps-converted-to.pdf Images/snr_tiempo.eps>
(epstopdf)             \includegraphics on input line 362.
Package epstopdf Info: Output file is already uptodate.
<Images/snr_tiempo-eps-converted-to.pdf, id=194, 463.7325pt x 347.2975pt>
File: Images/snr_tiempo-eps-converted-to.pdf Graphic file (type pdf)
<use Images/snr_tiempo-eps-converted-to.pdf>
Package pdftex.def Info: Images/snr_tiempo-eps-converted-to.pdf  used on input line 362.
(pdftex.def)             Requested size: 259.61072pt x 194.43227pt.

Package fancyhdr Warning: \headheight is too small (12.0pt): 
(fancyhdr)                Make it at least 13.59999pt, for example:
(fancyhdr)                \setlength{\headheight}{13.59999pt}.
(fancyhdr)                You might also make \topmargin smaller to compensate:
(fancyhdr)                \addtolength{\topmargin}{-1.59999pt}.

[5 <./Images/circ_snr-eps-converted-to.pdf> <./Images/snr_filtros-eps-converted-to.pdf> <./Images/snr_tiempo-eps-converted-to.pdf>] (./LockInMat.aux
LaTeX Info: Redefining \. on input line 10.
LaTeX Info: Redefining \% on input line 10.
) ) 
Here is how much of TeX's memory you used:
 8808 strings out of 478353
 156908 string characters out of 5854636
 509940 words of memory out of 5000000
 26771 multiletter control sequences out of 15000+600000
 414732 words of font info for 69 fonts, out of 8000000 for 9000
 1141 hyphenation exceptions out of 8191
 108i,13n,106p,432b,501s stack positions out of 5000i,500n,10000p,200000b,80000s
{/usr/share/texmf-dist/fonts/enc/dvips/cm-super/cm-super-ts1.enc}</usr/share/texmf-dist/fonts/type1/public/amsfonts/cm/cmbx12.pfb></usr/share/texmf-dist/fonts/type1/public/amsfonts/cm/cmcsc10.pfb></usr/share/texmf-dist/fonts/type1/public/amsfonts/cm/cmex10.pfb></usr/share/texmf-dist/fonts/type1/public/amsfonts/cm/cmmi10.pfb></usr/share/texmf-dist/fonts/type1/public/amsfonts/cm/cmmi7.pfb></usr/share/texmf-dist/fonts/type1/public/amsfonts/cm/cmmi8.pfb></usr/share/texmf-dist/fonts/type1/public/amsfonts/cm/cmr10.pfb></usr/share/texmf-dist/fonts/type1/public/amsfonts/cm/cmr12.pfb></usr/share/texmf-dist/fonts/type1/public/amsfonts/cm/cmr8.pfb></usr/share/texmf-dist/fonts/type1/public/amsfonts/cm/cmsy10.pfb></usr/share/texmf-dist/fonts/type1/public/amsfonts/cm/cmsy8.pfb></usr/share/texmf-dist/fonts/type1/public/amsfonts/cm/cmti10.pfb></usr/share/texmf-dist/fonts/type1/public/amsfonts/cm/cmtt10.pfb></usr/share/texmf-dist/fonts/type1/public/amsfonts/symbols/msbm10.pfb></usr/share/texmf-dist/fonts/type1/public/cm-super/sfrm1000.pfb></usr/share/texmf-dist/fonts/type1/public/cm-super/sfrm1095.pfb>
Output written on LockInMat.pdf (5 pages, 541258 bytes).
PDF statistics:
 283 PDF objects out of 1000 (max. 8388607)
 94 compressed objects within 1 object stream
 0 named destinations out of 1000 (max. 500000)
 61 words of extra memory for PDF output out of 10000 (max. 10000000)

